<?xml version="1.0" encoding="UTF-8"?>
<testsuite xmlns:xsi="http://www.w3.org/2001/XMLSchema-instance" xsi:noNamespaceSchemaLocation="https://maven.apache.org/surefire/maven-surefire-plugin/xsd/surefire-test-report.xsd" name="poc.PocMedheadApplicationTests" time="2.763" tests="1" errors="0" skipped="0" failures="0">
  <properties>
    <property name="java.specification.version" value="19"/>
    <property name="sun.jnu.encoding" value="UTF-8"/>
    <property name="java.class.path" value="/home/wil/OCR/Dev/MedHead/target/test-classes:/home/wil/OCR/Dev/MedHead/target/classes:/home/wil/.m2/repository/org/springframework/boot/spring-boot-starter/3.0.5/spring-boot-starter-3.0.5.jar:/home/wil/.m2/repository/org/springframework/boot/spring-boot/3.0.5/spring-boot-3.0.5.jar:/home/wil/.m2/repository/org/springframework/spring-context/6.0.7/spring-context-6.0.7.jar:/home/wil/.m2/repository/org/springframework/spring-aop/6.0.7/spring-aop-6.0.7.jar:/home/wil/.m2/repository/org/springframework/spring-beans/6.0.7/spring-beans-6.0.7.jar:/home/wil/.m2/repository/org/springframework/spring-expression/6.0.7/spring-expression-6.0.7.jar:/home/wil/.m2/repository/org/springframework/boot/spring-boot-autoconfigure/3.0.5/spring-boot-autoconfigure-3.0.5.jar:/home/wil/.m2/repository/org/springframework/boot/spring-boot-starter-logging/3.0.5/spring-boot-starter-logging-3.0.5.jar:/home/wil/.m2/repository/ch/qos/logback/logback-classic/1.4.6/logback-classic-1.4.6.jar:/home/wil/.m2/repository/ch/qos/logback/logback-core/1.4.6/logback-core-1.4.6.jar:/home/wil/.m2/repository/org/apache/logging/log4j/log4j-to-slf4j/2.19.0/log4j-to-slf4j-2.19.0.jar:/home/wil/.m2/repository/org/apache/logging/log4j/log4j-api/2.19.0/log4j-api-2.19.0.jar:/home/wil/.m2/repository/org/slf4j/jul-to-slf4j/2.0.7/jul-to-slf4j-2.0.7.jar:/home/wil/.m2/repository/jakarta/annotation/jakarta.annotation-api/2.1.1/jakarta.annotation-api-2.1.1.jar:/home/wil/.m2/repository/org/springframework/spring-core/6.0.7/spring-core-6.0.7.jar:/home/wil/.m2/repository/org/springframework/spring-jcl/6.0.7/spring-jcl-6.0.7.jar:/home/wil/.m2/repository/org/yaml/snakeyaml/1.33/snakeyaml-1.33.jar:/home/wil/.m2/repository/org/springframework/boot/spring-boot-devtools/3.0.5/spring-boot-devtools-3.0.5.jar:/home/wil/.m2/repository/org/springframework/boot/spring-boot-starter-test/3.0.5/spring-boot-starter-test-3.0.5.jar:/home/wil/.m2/repository/org/springframework/boot/spring-boot-test/3.0.5/spring-boot-test-3.0.5.jar:/home/wil/.m2/repository/org/springframework/boot/spring-boot-test-autoconfigure/3.0.5/spring-boot-test-autoconfigure-3.0.5.jar:/home/wil/.m2/repository/com/jayway/jsonpath/json-path/2.7.0/json-path-2.7.0.jar:/home/wil/.m2/repository/net/minidev/json-smart/2.4.10/json-smart-2.4.10.jar:/home/wil/.m2/repository/net/minidev/accessors-smart/2.4.9/accessors-smart-2.4.9.jar:/home/wil/.m2/repository/org/ow2/asm/asm/9.3/asm-9.3.jar:/home/wil/.m2/repository/jakarta/xml/bind/jakarta.xml.bind-api/4.0.0/jakarta.xml.bind-api-4.0.0.jar:/home/wil/.m2/repository/jakarta/activation/jakarta.activation-api/2.1.1/jakarta.activation-api-2.1.1.jar:/home/wil/.m2/repository/org/assertj/assertj-core/3.23.1/assertj-core-3.23.1.jar:/home/wil/.m2/repository/net/bytebuddy/byte-buddy/1.12.23/byte-buddy-1.12.23.jar:/home/wil/.m2/repository/org/hamcrest/hamcrest/2.2/hamcrest-2.2.jar:/home/wil/.m2/repository/org/junit/jupiter/junit-jupiter/5.9.2/junit-jupiter-5.9.2.jar:/home/wil/.m2/repository/org/junit/jupiter/junit-jupiter-api/5.9.2/junit-jupiter-api-5.9.2.jar:/home/wil/.m2/repository/org/opentest4j/opentest4j/1.2.0/opentest4j-1.2.0.jar:/home/wil/.m2/repository/org/junit/platform/junit-platform-commons/1.9.2/junit-platform-commons-1.9.2.jar:/home/wil/.m2/repository/org/apiguardian/apiguardian-api/1.1.2/apiguardian-api-1.1.2.jar:/home/wil/.m2/repository/org/junit/jupiter/junit-jupiter-params/5.9.2/junit-jupiter-params-5.9.2.jar:/home/wil/.m2/repository/org/junit/jupiter/junit-jupiter-engine/5.9.2/junit-jupiter-engine-5.9.2.jar:/home/wil/.m2/repository/org/junit/platform/junit-platform-engine/1.9.2/junit-platform-engine-1.9.2.jar:/home/wil/.m2/repository/org/mockito/mockito-core/4.8.1/mockito-core-4.8.1.jar:/home/wil/.m2/repository/net/bytebuddy/byte-buddy-agent/1.12.23/byte-buddy-agent-1.12.23.jar:/home/wil/.m2/repository/org/objenesis/objenesis/3.2/objenesis-3.2.jar:/home/wil/.m2/repository/org/mockito/mockito-junit-jupiter/4.8.1/mockito-junit-jupiter-4.8.1.jar:/home/wil/.m2/repository/org/skyscreamer/jsonassert/1.5.1/jsonassert-1.5.1.jar:/home/wil/.m2/repository/com/vaadin/external/google/android-json/0.0.20131108.vaadin1/android-json-0.0.20131108.vaadin1.jar:/home/wil/.m2/repository/org/springframework/spring-test/6.0.7/spring-test-6.0.7.jar:/home/wil/.m2/repository/org/xmlunit/xmlunit-core/2.9.1/xmlunit-core-2.9.1.jar:/home/wil/.m2/repository/org/apache/maven/maven-core/3.8.5/maven-core-3.8.5.jar:/home/wil/.m2/repository/org/apache/maven/maven-model/3.8.5/maven-model-3.8.5.jar:/home/wil/.m2/repository/org/apache/maven/maven-settings/3.8.5/maven-settings-3.8.5.jar:/home/wil/.m2/repository/org/apache/maven/maven-settings-builder/3.8.5/maven-settings-builder-3.8.5.jar:/home/wil/.m2/repository/org/codehaus/plexus/plexus-sec-dispatcher/2.0/plexus-sec-dispatcher-2.0.jar:/home/wil/.m2/repository/org/codehaus/plexus/plexus-cipher/2.0/plexus-cipher-2.0.jar:/home/wil/.m2/repository/org/apache/maven/maven-builder-support/3.8.5/maven-builder-support-3.8.5.jar:/home/wil/.m2/repository/org/apache/maven/maven-repository-metadata/3.8.5/maven-repository-metadata-3.8.5.jar:/home/wil/.m2/repository/org/apache/maven/maven-artifact/3.8.5/maven-artifact-3.8.5.jar:/home/wil/.m2/repository/org/apache/maven/maven-plugin-api/3.8.5/maven-plugin-api-3.8.5.jar:/home/wil/.m2/repository/org/apache/maven/maven-model-builder/3.8.5/maven-model-builder-3.8.5.jar:/home/wil/.m2/repository/org/apache/maven/maven-resolver-provider/3.8.5/maven-resolver-provider-3.8.5.jar:/home/wil/.m2/repository/org/apache/maven/resolver/maven-resolver-impl/1.6.3/maven-resolver-impl-1.6.3.jar:/home/wil/.m2/repository/org/apache/maven/resolver/maven-resolver-api/1.6.3/maven-resolver-api-1.6.3.jar:/home/wil/.m2/repository/org/apache/maven/resolver/maven-resolver-spi/1.6.3/maven-resolver-spi-1.6.3.jar:/home/wil/.m2/repository/org/apache/maven/resolver/maven-resolver-util/1.6.3/maven-resolver-util-1.6.3.jar:/home/wil/.m2/repository/org/apache/maven/shared/maven-shared-utils/3.3.4/maven-shared-utils-3.3.4.jar:/home/wil/.m2/repository/commons-io/commons-io/2.6/commons-io-2.6.jar:/home/wil/.m2/repository/org/eclipse/sisu/org.eclipse.sisu.plexus/0.3.5/org.eclipse.sisu.plexus-0.3.5.jar:/home/wil/.m2/repository/javax/annotation/javax.annotation-api/1.2/javax.annotation-api-1.2.jar:/home/wil/.m2/repository/org/eclipse/sisu/org.eclipse.sisu.inject/0.3.5/org.eclipse.sisu.inject-0.3.5.jar:/home/wil/.m2/repository/com/google/inject/guice/4.2.2/guice-4.2.2-no_aop.jar:/home/wil/.m2/repository/aopalliance/aopalliance/1.0/aopalliance-1.0.jar:/home/wil/.m2/repository/com/google/guava/guava/25.1-android/guava-25.1-android.jar:/home/wil/.m2/repository/com/google/code/findbugs/jsr305/3.0.2/jsr305-3.0.2.jar:/home/wil/.m2/repository/org/checkerframework/checker-compat-qual/2.0.0/checker-compat-qual-2.0.0.jar:/home/wil/.m2/repository/com/google/errorprone/error_prone_annotations/2.1.3/error_prone_annotations-2.1.3.jar:/home/wil/.m2/repository/com/google/j2objc/j2objc-annotations/1.1/j2objc-annotations-1.1.jar:/home/wil/.m2/repository/org/codehaus/mojo/animal-sniffer-annotations/1.14/animal-sniffer-annotations-1.14.jar:/home/wil/.m2/repository/javax/inject/javax.inject/1/javax.inject-1.jar:/home/wil/.m2/repository/org/codehaus/plexus/plexus-utils/3.3.0/plexus-utils-3.3.0.jar:/home/wil/.m2/repository/org/codehaus/plexus/plexus-classworlds/2.6.0/plexus-classworlds-2.6.0.jar:/home/wil/.m2/repository/org/codehaus/plexus/plexus-interpolation/1.26/plexus-interpolation-1.26.jar:/home/wil/.m2/repository/org/codehaus/plexus/plexus-component-annotations/2.1.0/plexus-component-annotations-2.1.0.jar:/home/wil/.m2/repository/org/apache/commons/commons-lang3/3.12.0/commons-lang3-3.12.0.jar:/home/wil/.m2/repository/org/slf4j/slf4j-api/2.0.7/slf4j-api-2.0.7.jar:/home/wil/.m2/repository/org/postgresql/postgresql/42.5.4/postgresql-42.5.4.jar:/home/wil/.m2/repository/org/checkerframework/checker-qual/3.5.0/checker-qual-3.5.0.jar:/home/wil/.m2/repository/junit/junit/4.13.2/junit-4.13.2.jar:/home/wil/.m2/repository/org/hamcrest/hamcrest-core/2.2/hamcrest-core-2.2.jar:"/>
    <property name="java.vm.vendor" value="Oracle Corporation"/>
    <property name="sun.arch.data.model" value="64"/>
    <property name="java.vendor.url" value="https://java.oracle.com/"/>
    <property name="os.name" value="Linux"/>
    <property name="java.vm.specification.version" value="19"/>
    <property name="sun.java.launcher" value="SUN_STANDARD"/>
    <property name="user.country" value="FR"/>
    <property name="sun.boot.library.path" value="/usr/lib/jvm/jdk-19-oracle-x64/lib"/>
    <property name="sun.java.command" value="/home/wil/OCR/Dev/MedHead/target/surefire/surefirebooter14597508321499683946.jar /home/wil/OCR/Dev/MedHead/target/surefire 2023-03-30T12-53-32_985-jvmRun1 surefire12521115657992043092tmp surefire_01301855502354174728tmp"/>
    <property name="jdk.debug" value="release"/>
    <property name="surefire.test.class.path" value="/home/wil/OCR/Dev/MedHead/target/test-classes:/home/wil/OCR/Dev/MedHead/target/classes:/home/wil/.m2/repository/org/springframework/boot/spring-boot-starter/3.0.5/spring-boot-starter-3.0.5.jar:/home/wil/.m2/repository/org/springframework/boot/spring-boot/3.0.5/spring-boot-3.0.5.jar:/home/wil/.m2/repository/org/springframework/spring-context/6.0.7/spring-context-6.0.7.jar:/home/wil/.m2/repository/org/springframework/spring-aop/6.0.7/spring-aop-6.0.7.jar:/home/wil/.m2/repository/org/springframework/spring-beans/6.0.7/spring-beans-6.0.7.jar:/home/wil/.m2/repository/org/springframework/spring-expression/6.0.7/spring-expression-6.0.7.jar:/home/wil/.m2/repository/org/springframework/boot/spring-boot-autoconfigure/3.0.5/spring-boot-autoconfigure-3.0.5.jar:/home/wil/.m2/repository/org/springframework/boot/spring-boot-starter-logging/3.0.5/spring-boot-starter-logging-3.0.5.jar:/home/wil/.m2/repository/ch/qos/logback/logback-classic/1.4.6/logback-classic-1.4.6.jar:/home/wil/.m2/repository/ch/qos/logback/logback-core/1.4.6/logback-core-1.4.6.jar:/home/wil/.m2/repository/org/apache/logging/log4j/log4j-to-slf4j/2.19.0/log4j-to-slf4j-2.19.0.jar:/home/wil/.m2/repository/org/apache/logging/log4j/log4j-api/2.19.0/log4j-api-2.19.0.jar:/home/wil/.m2/repository/org/slf4j/jul-to-slf4j/2.0.7/jul-to-slf4j-2.0.7.jar:/home/wil/.m2/repository/jakarta/annotation/jakarta.annotation-api/2.1.1/jakarta.annotation-api-2.1.1.jar:/home/wil/.m2/repository/org/springframework/spring-core/6.0.7/spring-core-6.0.7.jar:/home/wil/.m2/repository/org/springframework/spring-jcl/6.0.7/spring-jcl-6.0.7.jar:/home/wil/.m2/repository/org/yaml/snakeyaml/1.33/snakeyaml-1.33.jar:/home/wil/.m2/repository/org/springframework/boot/spring-boot-devtools/3.0.5/spring-boot-devtools-3.0.5.jar:/home/wil/.m2/repository/org/springframework/boot/spring-boot-starter-test/3.0.5/spring-boot-starter-test-3.0.5.jar:/home/wil/.m2/repository/org/springframework/boot/spring-boot-test/3.0.5/spring-boot-test-3.0.5.jar:/home/wil/.m2/repository/org/springframework/boot/spring-boot-test-autoconfigure/3.0.5/spring-boot-test-autoconfigure-3.0.5.jar:/home/wil/.m2/repository/com/jayway/jsonpath/json-path/2.7.0/json-path-2.7.0.jar:/home/wil/.m2/repository/net/minidev/json-smart/2.4.10/json-smart-2.4.10.jar:/home/wil/.m2/repository/net/minidev/accessors-smart/2.4.9/accessors-smart-2.4.9.jar:/home/wil/.m2/repository/org/ow2/asm/asm/9.3/asm-9.3.jar:/home/wil/.m2/repository/jakarta/xml/bind/jakarta.xml.bind-api/4.0.0/jakarta.xml.bind-api-4.0.0.jar:/home/wil/.m2/repository/jakarta/activation/jakarta.activation-api/2.1.1/jakarta.activation-api-2.1.1.jar:/home/wil/.m2/repository/org/assertj/assertj-core/3.23.1/assertj-core-3.23.1.jar:/home/wil/.m2/repository/net/bytebuddy/byte-buddy/1.12.23/byte-buddy-1.12.23.jar:/home/wil/.m2/repository/org/hamcrest/hamcrest/2.2/hamcrest-2.2.jar:/home/wil/.m2/repository/org/junit/jupiter/junit-jupiter/5.9.2/junit-jupiter-5.9.2.jar:/home/wil/.m2/repository/org/junit/jupiter/junit-jupiter-api/5.9.2/junit-jupiter-api-5.9.2.jar:/home/wil/.m2/repository/org/opentest4j/opentest4j/1.2.0/opentest4j-1.2.0.jar:/home/wil/.m2/repository/org/junit/platform/junit-platform-commons/1.9.2/junit-platform-commons-1.9.2.jar:/home/wil/.m2/repository/org/apiguardian/apiguardian-api/1.1.2/apiguardian-api-1.1.2.jar:/home/wil/.m2/repository/org/junit/jupiter/junit-jupiter-params/5.9.2/junit-jupiter-params-5.9.2.jar:/home/wil/.m2/repository/org/junit/jupiter/junit-jupiter-engine/5.9.2/junit-jupiter-engine-5.9.2.jar:/home/wil/.m2/repository/org/junit/platform/junit-platform-engine/1.9.2/junit-platform-engine-1.9.2.jar:/home/wil/.m2/repository/org/mockito/mockito-core/4.8.1/mockito-core-4.8.1.jar:/home/wil/.m2/repository/net/bytebuddy/byte-buddy-agent/1.12.23/byte-buddy-agent-1.12.23.jar:/home/wil/.m2/repository/org/objenesis/objenesis/3.2/objenesis-3.2.jar:/home/wil/.m2/repository/org/mockito/mockito-junit-jupiter/4.8.1/mockito-junit-jupiter-4.8.1.jar:/home/wil/.m2/repository/org/skyscreamer/jsonassert/1.5.1/jsonassert-1.5.1.jar:/home/wil/.m2/repository/com/vaadin/external/google/android-json/0.0.20131108.vaadin1/android-json-0.0.20131108.vaadin1.jar:/home/wil/.m2/repository/org/springframework/spring-test/6.0.7/spring-test-6.0.7.jar:/home/wil/.m2/repository/org/xmlunit/xmlunit-core/2.9.1/xmlunit-core-2.9.1.jar:/home/wil/.m2/repository/org/apache/maven/maven-core/3.8.5/maven-core-3.8.5.jar:/home/wil/.m2/repository/org/apache/maven/maven-model/3.8.5/maven-model-3.8.5.jar:/home/wil/.m2/repository/org/apache/maven/maven-settings/3.8.5/maven-settings-3.8.5.jar:/home/wil/.m2/repository/org/apache/maven/maven-settings-builder/3.8.5/maven-settings-builder-3.8.5.jar:/home/wil/.m2/repository/org/codehaus/plexus/plexus-sec-dispatcher/2.0/plexus-sec-dispatcher-2.0.jar:/home/wil/.m2/repository/org/codehaus/plexus/plexus-cipher/2.0/plexus-cipher-2.0.jar:/home/wil/.m2/repository/org/apache/maven/maven-builder-support/3.8.5/maven-builder-support-3.8.5.jar:/home/wil/.m2/repository/org/apache/maven/maven-repository-metadata/3.8.5/maven-repository-metadata-3.8.5.jar:/home/wil/.m2/repository/org/apache/maven/maven-artifact/3.8.5/maven-artifact-3.8.5.jar:/home/wil/.m2/repository/org/apache/maven/maven-plugin-api/3.8.5/maven-plugin-api-3.8.5.jar:/home/wil/.m2/repository/org/apache/maven/maven-model-builder/3.8.5/maven-model-builder-3.8.5.jar:/home/wil/.m2/repository/org/apache/maven/maven-resolver-provider/3.8.5/maven-resolver-provider-3.8.5.jar:/home/wil/.m2/repository/org/apache/maven/resolver/maven-resolver-impl/1.6.3/maven-resolver-impl-1.6.3.jar:/home/wil/.m2/repository/org/apache/maven/resolver/maven-resolver-api/1.6.3/maven-resolver-api-1.6.3.jar:/home/wil/.m2/repository/org/apache/maven/resolver/maven-resolver-spi/1.6.3/maven-resolver-spi-1.6.3.jar:/home/wil/.m2/repository/org/apache/maven/resolver/maven-resolver-util/1.6.3/maven-resolver-util-1.6.3.jar:/home/wil/.m2/repository/org/apache/maven/shared/maven-shared-utils/3.3.4/maven-shared-utils-3.3.4.jar:/home/wil/.m2/repository/commons-io/commons-io/2.6/commons-io-2.6.jar:/home/wil/.m2/repository/org/eclipse/sisu/org.eclipse.sisu.plexus/0.3.5/org.eclipse.sisu.plexus-0.3.5.jar:/home/wil/.m2/repository/javax/annotation/javax.annotation-api/1.2/javax.annotation-api-1.2.jar:/home/wil/.m2/repository/org/eclipse/sisu/org.eclipse.sisu.inject/0.3.5/org.eclipse.sisu.inject-0.3.5.jar:/home/wil/.m2/repository/com/google/inject/guice/4.2.2/guice-4.2.2-no_aop.jar:/home/wil/.m2/repository/aopalliance/aopalliance/1.0/aopalliance-1.0.jar:/home/wil/.m2/repository/com/google/guava/guava/25.1-android/guava-25.1-android.jar:/home/wil/.m2/repository/com/google/code/findbugs/jsr305/3.0.2/jsr305-3.0.2.jar:/home/wil/.m2/repository/org/checkerframework/checker-compat-qual/2.0.0/checker-compat-qual-2.0.0.jar:/home/wil/.m2/repository/com/google/errorprone/error_prone_annotations/2.1.3/error_prone_annotations-2.1.3.jar:/home/wil/.m2/repository/com/google/j2objc/j2objc-annotations/1.1/j2objc-annotations-1.1.jar:/home/wil/.m2/repository/org/codehaus/mojo/animal-sniffer-annotations/1.14/animal-sniffer-annotations-1.14.jar:/home/wil/.m2/repository/javax/inject/javax.inject/1/javax.inject-1.jar:/home/wil/.m2/repository/org/codehaus/plexus/plexus-utils/3.3.0/plexus-utils-3.3.0.jar:/home/wil/.m2/repository/org/codehaus/plexus/plexus-classworlds/2.6.0/plexus-classworlds-2.6.0.jar:/home/wil/.m2/repository/org/codehaus/plexus/plexus-interpolation/1.26/plexus-interpolation-1.26.jar:/home/wil/.m2/repository/org/codehaus/plexus/plexus-component-annotations/2.1.0/plexus-component-annotations-2.1.0.jar:/home/wil/.m2/repository/org/apache/commons/commons-lang3/3.12.0/commons-lang3-3.12.0.jar:/home/wil/.m2/repository/org/slf4j/slf4j-api/2.0.7/slf4j-api-2.0.7.jar:/home/wil/.m2/repository/org/postgresql/postgresql/42.5.4/postgresql-42.5.4.jar:/home/wil/.m2/repository/org/checkerframework/checker-qual/3.5.0/checker-qual-3.5.0.jar:/home/wil/.m2/repository/junit/junit/4.13.2/junit-4.13.2.jar:/home/wil/.m2/repository/org/hamcrest/hamcrest-core/2.2/hamcrest-core-2.2.jar:"/>
    <property name="sun.cpu.endian" value="little"/>
    <property name="user.home" value="/home/wil"/>
    <property name="user.language" value="fr"/>
    <property name="java.specification.vendor" value="Oracle Corporation"/>
    <property name="java.version.date" value="2023-01-17"/>
    <property name="java.home" value="/usr/lib/jvm/jdk-19-oracle-x64"/>
    <property name="file.separator" value="/"/>
    <property name="basedir" value="/home/wil/OCR/Dev/MedHead"/>
    <property name="java.vm.compressedOopsMode" value="32-bit"/>
    <property name="line.separator" value="&#10;"/>
    <property name="java.specification.name" value="Java Platform API Specification"/>
    <property name="java.vm.specification.vendor" value="Oracle Corporation"/>
    <property name="surefire.real.class.path" value="/home/wil/OCR/Dev/MedHead/target/surefire/surefirebooter14597508321499683946.jar"/>
    <property name="sun.management.compiler" value="HotSpot 64-Bit Tiered Compilers"/>
    <property name="java.runtime.version" value="19.0.2+7-44"/>
    <property name="user.name" value="wil"/>
    <property name="stdout.encoding" value="UTF-8"/>
    <property name="path.separator" value=":"/>
    <property name="os.version" value="6.2.8-200.fc37.x86_64"/>
    <property name="java.runtime.name" value="Java(TM) SE Runtime Environment"/>
    <property name="file.encoding" value="UTF-8"/>
    <property name="java.vm.name" value="Java HotSpot(TM) 64-Bit Server VM"/>
    <property name="localRepository" value="/home/wil/.m2/repository"/>
    <property name="java.vendor.url.bug" value="https://bugreport.java.com/bugreport/"/>
    <property name="java.io.tmpdir" value="/tmp"/>
    <property name="java.version" value="19.0.2"/>
    <property name="user.dir" value="/home/wil/OCR/Dev/MedHead"/>
    <property name="os.arch" value="amd64"/>
    <property name="java.vm.specification.name" value="Java Virtual Machine Specification"/>
    <property name="native.encoding" value="UTF-8"/>
    <property name="java.library.path" value="/usr/java/packages/lib:/usr/lib64:/lib64:/lib:/usr/lib"/>
    <property name="java.vm.info" value="mixed mode, sharing"/>
    <property name="stderr.encoding" value="UTF-8"/>
    <property name="java.vendor" value="Oracle Corporation"/>
    <property name="java.vm.version" value="19.0.2+7-44"/>
    <property name="sun.io.unicode.encoding" value="UnicodeLittle"/>
    <property name="java.class.version" value="63.0"/>
  </properties>
  <testcase name="contextLoads" classname="poc.PocMedheadApplicationTests" time="0.637"/>
</testsuite>